<?xml version="1.0" encoding="UTF-8"?>
<robot generator="Robot 5.0 (Python 3.10.3 on win32)" generated="20220325 16:54:40.309" rpa="false" schemaversion="3">
<suite id="s1" name="Amazon Testes" source="C:\Users\durval.neto\Documents\GitHub\WebTesting\amazon_testes.robot">
<test id="s1-t1" name="Caso de teste 01 - Acesso ao menu &quot;Mais Vendidos&quot;" line="9">
<kw name="Abrir o navegador" library="amazon_resources" type="SETUP">
<kw name="Open Browser" library="SeleniumLibrary">
<arg>browser=chrome</arg>
<doc>Opens a new browser instance to the optional ``url``.</doc>
<msg timestamp="20220325 16:54:40.502" level="INFO">Opening browser 'chrome' to base url 'None'.</msg>
<status status="PASS" starttime="20220325 16:54:40.501" endtime="20220325 16:54:42.122"/>
</kw>
<kw name="Maximize Browser Window" library="SeleniumLibrary">
<doc>Maximizes current browser window.</doc>
<status status="PASS" starttime="20220325 16:54:42.122" endtime="20220325 16:54:42.252"/>
</kw>
<status status="PASS" starttime="20220325 16:54:40.501" endtime="20220325 16:54:42.253"/>
</kw>
<kw name=" Acessar a home page do site Amazon.com.br" library="amazon_resources">
<kw name="Go To" library="SeleniumLibrary">
<arg>url=${URL}</arg>
<doc>Navigates the current browser window to the provided ``url``.</doc>
<msg timestamp="20220325 16:54:42.256" level="INFO">Opening url 'http://www.amazon.com.br'</msg>
<status status="PASS" starttime="20220325 16:54:42.255" endtime="20220325 16:54:44.520"/>
</kw>
<kw name="Wait Until Element Is Visible" library="SeleniumLibrary">
<arg>locator=${MENU_MAIS_VENDIDOS}</arg>
<doc>Waits until the element ``locator`` is visible.</doc>
<status status="PASS" starttime="20220325 16:54:44.520" endtime="20220325 16:54:44.580"/>
</kw>
<status status="PASS" starttime="20220325 16:54:42.254" endtime="20220325 16:54:44.580"/>
</kw>
<kw name="Entrar no menu &quot;Mais vendidos&quot;" library="amazon_resources">
<kw name="Click Element" library="SeleniumLibrary">
<arg>locator=${MENU_MAIS_VENDIDOS}</arg>
<doc>Click the element identified by ``locator``.</doc>
<msg timestamp="20220325 16:54:44.581" level="INFO">Clicking element '//div[@id='nav-xshop']//a[contains(@class,'')][contains(text(),'Mais Vendidos')]'.</msg>
<status status="PASS" starttime="20220325 16:54:44.581" endtime="20220325 16:54:46.413"/>
</kw>
<status status="PASS" starttime="20220325 16:54:44.581" endtime="20220325 16:54:46.413"/>
</kw>
<kw name="Verificar se aparece a frase &quot;Mais Vendidos&quot;" library="amazon_resources">
<kw name="Wait Until Page Contains" library="SeleniumLibrary">
<arg>text=${TEXTO_HEADER_MAIS_VENDIDOS}</arg>
<doc>Waits until ``text`` appears on the current page.</doc>
<status status="PASS" starttime="20220325 16:54:46.415" endtime="20220325 16:54:46.445"/>
</kw>
<kw name="Wait Until Element Is Visible" library="SeleniumLibrary">
<arg>locator=${HEADER_MAIS_VENDIDOS}</arg>
<doc>Waits until the element ``locator`` is visible.</doc>
<msg timestamp="20220325 16:54:51.674" level="INFO" html="true">&lt;/td&gt;&lt;/tr&gt;&lt;tr&gt;&lt;td colspan="3"&gt;&lt;a href="selenium-screenshot-3.png"&gt;&lt;img src="selenium-screenshot-3.png" width="800px"&gt;&lt;/a&gt;</msg>
<msg timestamp="20220325 16:54:51.674" level="FAIL">Element '//title[contains(.,'Amazon.com.br Mais Vendidos: Os itens mais populares na Amazon')]' not visible after 5 seconds.</msg>
<status status="FAIL" starttime="20220325 16:54:46.445" endtime="20220325 16:54:51.675"/>
</kw>
<status status="FAIL" starttime="20220325 16:54:46.414" endtime="20220325 16:54:51.676"/>
</kw>
<doc>Esse teste verifica o menu do site da Amazon.com.br
e verifica a categoria computadores e informática.</doc>
<tag>categorias</tag>
<tag>menus</tag>
<status status="FAIL" starttime="20220325 16:54:40.500" endtime="20220325 16:54:51.677">Element '//title[contains(.,'Amazon.com.br Mais Vendidos: Os itens mais populares na Amazon')]' not visible after 5 seconds.</status>
</test>
<doc>Essa suíte testa o site da Amazon.com.br</doc>
<status status="FAIL" starttime="20220325 16:54:40.310" endtime="20220325 16:54:51.679"/>
</suite>
<statistics>
<total>
<stat pass="0" fail="1" skip="0">All Tests</stat>
</total>
<tag>
<stat pass="0" fail="1" skip="0">categorias</stat>
<stat pass="0" fail="1" skip="0">menus</stat>
</tag>
<suite>
<stat pass="0" fail="1" skip="0" id="s1" name="Amazon Testes">Amazon Testes</stat>
</suite>
</statistics>
<errors>
</errors>
</robot>
